<?xml version="1.0" encoding="UTF-8"?>
<!-- Generated by org.testng.reporters.JUnitReportReporter -->
<testsuite skipped="1" hostname="DESKTOP-SO7N4NU" name="testng.Media" tests="3" failures="0" timestamp="2020-12-18T08:48:43 IST" time="207.723" errors="2">
  <testcase name="browserOpen" time="200.421" classname="testng.Media">
    <error type="org.openqa.selenium.SessionNotCreatedException" message="session not created
from disconnected: received Inspector.detached event
  (Session info: chrome=87.0.4280.88)
Build info: version: &#039;3.141.59&#039;, revision: &#039;e82be7d358&#039;, time: &#039;2018-11-14T08:25:53&#039;
System info: host: &#039;DESKTOP-SO7N4NU&#039;, ip: &#039;192.168.43.104&#039;, os.name: &#039;Windows 10&#039;, os.arch: &#039;amd64&#039;, os.version: &#039;10.0&#039;, java.version: &#039;1.8.0_271&#039;
Driver info: driver.version: ChromeDriver
remote stacktrace: Backtrace:
	Ordinal0 [0x0166C0C3+3326147]
	Ordinal0 [0x01550851+2164817]
	Ordinal0 [0x013D7298+619160]
	Ordinal0 [0x013CBD04+572676]
	Ordinal0 [0x013CBA18+571928]
	Ordinal0 [0x013CB0C1+569537]
	Ordinal0 [0x013CA421+566305]
	Ordinal0 [0x013CA815+567317]
	Ordinal0 [0x013CA135+565557]
	Ordinal0 [0x013D38B1+604337]
	Ordinal0 [0x013CA0F1+565489]
	Ordinal0 [0x013CAEA2+568994]
	Ordinal0 [0x013CA421+566305]
	Ordinal0 [0x013CA815+567317]
	Ordinal0 [0x013CA135+565557]
	Ordinal0 [0x013D1D2C+597292]
	Ordinal0 [0x013CA0F1+565489]
	Ordinal0 [0x013CAEA2+568994]
	Ordinal0 [0x013CA421+566305]
	Ordinal0 [0x013CA815+567317]
	Ordinal0 [0x013CA135+565557]
	Ordinal0 [0x013CFE62+589410]
	Ordinal0 [0x013CA0F1+565489]
	Ordinal0 [0x013CAEA2+568994]
	Ordinal0 [0x013CA421+566305]
	Ordinal0 [0x013CA815+567317]
	Ordinal0 [0x013CA135+565557]
	Ordinal0 [0x013CF075+585845]
	Ordinal0 [0x013CA0F1+565489]
	Ordinal0 [0x013CAEA2+568994]
	Ordinal0 [0x013CA421+566305]
	Ordinal0 [0x013CA815+567317]
	Ordinal0 [0x013CA135+565557]
	Ordinal0 [0x013C6776+550774]
	Ordinal0 [0x013CA0F1+565489]
	Ordinal0 [0x013C9F13+565011]
	Ordinal0 [0x013C9D07+564487]
	Ordinal0 [0x013D82C0+623296]
	Ordinal0 [0x01376BDD+224221]
	Ordinal0 [0x01375CAC+220332]
	Ordinal0 [0x0137189B+202907]
	Ordinal0 [0x01353DF4+81396]
	Ordinal0 [0x01354DEE+85486]
	Ordinal0 [0x01354D79+85369]
	Ordinal0 [0x015685DC+2262492]
	GetHandleVerifier [0x017F2874+1487204]
	GetHandleVerifier [0x017F23CD+1486013]
	GetHandleVerifier [0x017FA368+1518680]
	GetHandleVerifier [0x017F2F4E+1488958]
	Ordinal0 [0x0155ED0D+2223373]
	Ordinal0 [0x0156A12B+2269483]
	Ordinal0 [0x0156A26F+2269807]
	Ordinal0 [0x0157ECB8+2354360]
	BaseThreadInitThunk [0x751BFE09+25]
	RtlGetAppContainerNamedObjectPath [0x77B7607D+237]
	RtlGetAppContainerNamedObjectPath [0x77B7604D+189]
">
      <![CDATA[org.openqa.selenium.SessionNotCreatedException: session not created
from disconnected: received Inspector.detached event
  (Session info: chrome=87.0.4280.88)
Build info: version: '3.141.59', revision: 'e82be7d358', time: '2018-11-14T08:25:53'
System info: host: 'DESKTOP-SO7N4NU', ip: '192.168.43.104', os.name: 'Windows 10', os.arch: 'amd64', os.version: '10.0', java.version: '1.8.0_271'
Driver info: driver.version: ChromeDriver
remote stacktrace: Backtrace:
Ordinal0 [0x0166C0C3+3326147]
Ordinal0 [0x01550851+2164817]
Ordinal0 [0x013D7298+619160]
Ordinal0 [0x013CBD04+572676]
Ordinal0 [0x013CBA18+571928]
Ordinal0 [0x013CB0C1+569537]
Ordinal0 [0x013CA421+566305]
Ordinal0 [0x013CA815+567317]
Ordinal0 [0x013CA135+565557]
Ordinal0 [0x013D38B1+604337]
Ordinal0 [0x013CA0F1+565489]
Ordinal0 [0x013CAEA2+568994]
Ordinal0 [0x013CA421+566305]
Ordinal0 [0x013CA815+567317]
Ordinal0 [0x013CA135+565557]
Ordinal0 [0x013D1D2C+597292]
Ordinal0 [0x013CA0F1+565489]
Ordinal0 [0x013CAEA2+568994]
Ordinal0 [0x013CA421+566305]
Ordinal0 [0x013CA815+567317]
Ordinal0 [0x013CA135+565557]
Ordinal0 [0x013CFE62+589410]
Ordinal0 [0x013CA0F1+565489]
Ordinal0 [0x013CAEA2+568994]
Ordinal0 [0x013CA421+566305]
Ordinal0 [0x013CA815+567317]
Ordinal0 [0x013CA135+565557]
Ordinal0 [0x013CF075+585845]
Ordinal0 [0x013CA0F1+565489]
Ordinal0 [0x013CAEA2+568994]
Ordinal0 [0x013CA421+566305]
Ordinal0 [0x013CA815+567317]
Ordinal0 [0x013CA135+565557]
Ordinal0 [0x013C6776+550774]
Ordinal0 [0x013CA0F1+565489]
Ordinal0 [0x013C9F13+565011]
Ordinal0 [0x013C9D07+564487]
Ordinal0 [0x013D82C0+623296]
Ordinal0 [0x01376BDD+224221]
Ordinal0 [0x01375CAC+220332]
Ordinal0 [0x0137189B+202907]
Ordinal0 [0x01353DF4+81396]
Ordinal0 [0x01354DEE+85486]
Ordinal0 [0x01354D79+85369]
Ordinal0 [0x015685DC+2262492]
GetHandleVerifier [0x017F2874+1487204]
GetHandleVerifier [0x017F23CD+1486013]
GetHandleVerifier [0x017FA368+1518680]
GetHandleVerifier [0x017F2F4E+1488958]
Ordinal0 [0x0155ED0D+2223373]
Ordinal0 [0x0156A12B+2269483]
Ordinal0 [0x0156A26F+2269807]
Ordinal0 [0x0157ECB8+2354360]
BaseThreadInitThunk [0x751BFE09+25]
RtlGetAppContainerNamedObjectPath [0x77B7607D+237]
RtlGetAppContainerNamedObjectPath [0x77B7604D+189]

at sun.reflect.NativeConstructorAccessorImpl.newInstance0(Native Method)
at sun.reflect.NativeConstructorAccessorImpl.newInstance(NativeConstructorAccessorImpl.java:62)
at sun.reflect.DelegatingConstructorAccessorImpl.newInstance(DelegatingConstructorAccessorImpl.java:45)
at java.lang.reflect.Constructor.newInstance(Constructor.java:423)
at org.openqa.selenium.remote.W3CHandshakeResponse.lambda$errorHandler$0(W3CHandshakeResponse.java:62)
at org.openqa.selenium.remote.HandshakeResponse.lambda$getResponseFunction$0(HandshakeResponse.java:30)
at org.openqa.selenium.remote.ProtocolHandshake.lambda$createSession$0(ProtocolHandshake.java:126)
at java.util.stream.ReferencePipeline$3$1.accept(ReferencePipeline.java:193)
at java.util.Spliterators$ArraySpliterator.tryAdvance(Spliterators.java:958)
at java.util.stream.ReferencePipeline.forEachWithCancel(ReferencePipeline.java:126)
at java.util.stream.AbstractPipeline.copyIntoWithCancel(AbstractPipeline.java:499)
at java.util.stream.AbstractPipeline.copyInto(AbstractPipeline.java:486)
at java.util.stream.AbstractPipeline.wrapAndCopyInto(AbstractPipeline.java:472)
at java.util.stream.FindOps$FindOp.evaluateSequential(FindOps.java:152)
at java.util.stream.AbstractPipeline.evaluate(AbstractPipeline.java:234)
at java.util.stream.ReferencePipeline.findFirst(ReferencePipeline.java:464)
at org.openqa.selenium.remote.ProtocolHandshake.createSession(ProtocolHandshake.java:128)
at org.openqa.selenium.remote.ProtocolHandshake.createSession(ProtocolHandshake.java:74)
at org.openqa.selenium.remote.HttpCommandExecutor.execute(HttpCommandExecutor.java:136)
at org.openqa.selenium.remote.service.DriverCommandExecutor.execute(DriverCommandExecutor.java:83)
at org.openqa.selenium.remote.RemoteWebDriver.execute(RemoteWebDriver.java:552)
at org.openqa.selenium.remote.RemoteWebDriver.startSession(RemoteWebDriver.java:213)
at org.openqa.selenium.remote.RemoteWebDriver.<init>(RemoteWebDriver.java:131)
at org.openqa.selenium.chrome.ChromeDriver.<init>(ChromeDriver.java:181)
at org.openqa.selenium.chrome.ChromeDriver.<init>(ChromeDriver.java:168)
at org.openqa.selenium.chrome.ChromeDriver.<init>(ChromeDriver.java:123)
at testng.Media.browserOpen(Media.java:15)
at sun.reflect.NativeMethodAccessorImpl.invoke0(Native Method)
at sun.reflect.NativeMethodAccessorImpl.invoke(NativeMethodAccessorImpl.java:62)
at sun.reflect.DelegatingMethodAccessorImpl.invoke(DelegatingMethodAccessorImpl.java:43)
at java.lang.reflect.Method.invoke(Method.java:498)
at org.testng.internal.MethodInvocationHelper.invokeMethod(MethodInvocationHelper.java:132)
at org.testng.internal.MethodInvocationHelper.invokeMethodConsideringTimeout(MethodInvocationHelper.java:61)
at org.testng.internal.ConfigInvoker.invokeConfigurationMethod(ConfigInvoker.java:366)
at org.testng.internal.ConfigInvoker.invokeConfigurations(ConfigInvoker.java:320)
at org.testng.internal.TestInvoker.runConfigMethods(TestInvoker.java:701)
at org.testng.internal.TestInvoker.invokeMethod(TestInvoker.java:527)
at org.testng.internal.TestInvoker.invokeTestMethod(TestInvoker.java:174)
at org.testng.internal.MethodRunner.runInSequence(MethodRunner.java:46)
at org.testng.internal.TestInvoker$MethodInvocationAgent.invoke(TestInvoker.java:822)
at org.testng.internal.TestInvoker.invokeTestMethods(TestInvoker.java:147)
at org.testng.internal.TestMethodWorker.invokeTestMethods(TestMethodWorker.java:146)
at org.testng.internal.TestMethodWorker.run(TestMethodWorker.java:128)
at java.util.concurrent.ThreadPoolExecutor.runWorker(ThreadPoolExecutor.java:1149)
at java.util.concurrent.ThreadPoolExecutor$Worker.run(ThreadPoolExecutor.java:624)
at java.lang.Thread.run(Thread.java:748)
]]>
    </error>
  </testcase> <!-- browserOpen -->
  <system-out/>
  <testcase name="twitter" time="7.302" classname="testng.Media">
    <error type="org.openqa.selenium.WebDriverException" message="unknown error: cannot determine loading status
from disconnected: received Inspector.detached event
  (Session info: chrome=87.0.4280.88)
Build info: version: &#039;3.141.59&#039;, revision: &#039;e82be7d358&#039;, time: &#039;2018-11-14T08:25:53&#039;
System info: host: &#039;DESKTOP-SO7N4NU&#039;, ip: &#039;192.168.43.104&#039;, os.name: &#039;Windows 10&#039;, os.arch: &#039;amd64&#039;, os.version: &#039;10.0&#039;, java.version: &#039;1.8.0_271&#039;
Driver info: org.openqa.selenium.chrome.ChromeDriver
Capabilities {acceptInsecureCerts: false, browserName: chrome, browserVersion: 87.0.4280.88, chrome: {chromedriverVersion: 87.0.4280.88 (89e2380a3e36c..., userDataDir: C:\Users\USER\AppData\Local...}, goog:chromeOptions: {debuggerAddress: localhost:49858}, javascriptEnabled: true, networkConnectionEnabled: false, pageLoadStrategy: normal, platform: WINDOWS, platformName: WINDOWS, proxy: Proxy(), setWindowRect: true, strictFileInteractability: false, timeouts: {implicit: 0, pageLoad: 300000, script: 30000}, unhandledPromptBehavior: dismiss and notify, webauthn:virtualAuthenticators: true}
Session ID: cf2e07c1a5de9d7c7e127ed838085add">
      <![CDATA[org.openqa.selenium.WebDriverException: unknown error: cannot determine loading status
from disconnected: received Inspector.detached event
  (Session info: chrome=87.0.4280.88)
Build info: version: '3.141.59', revision: 'e82be7d358', time: '2018-11-14T08:25:53'
System info: host: 'DESKTOP-SO7N4NU', ip: '192.168.43.104', os.name: 'Windows 10', os.arch: 'amd64', os.version: '10.0', java.version: '1.8.0_271'
Driver info: org.openqa.selenium.chrome.ChromeDriver
Capabilities {acceptInsecureCerts: false, browserName: chrome, browserVersion: 87.0.4280.88, chrome: {chromedriverVersion: 87.0.4280.88 (89e2380a3e36c..., userDataDir: C:\Users\USER\AppData\Local...}, goog:chromeOptions: {debuggerAddress: localhost:49858}, javascriptEnabled: true, networkConnectionEnabled: false, pageLoadStrategy: normal, platform: WINDOWS, platformName: WINDOWS, proxy: Proxy(), setWindowRect: true, strictFileInteractability: false, timeouts: {implicit: 0, pageLoad: 300000, script: 30000}, unhandledPromptBehavior: dismiss and notify, webauthn:virtualAuthenticators: true}
Session ID: cf2e07c1a5de9d7c7e127ed838085add
at sun.reflect.NativeConstructorAccessorImpl.newInstance0(Native Method)
at sun.reflect.NativeConstructorAccessorImpl.newInstance(NativeConstructorAccessorImpl.java:62)
at sun.reflect.DelegatingConstructorAccessorImpl.newInstance(DelegatingConstructorAccessorImpl.java:45)
at java.lang.reflect.Constructor.newInstance(Constructor.java:423)
at org.openqa.selenium.remote.http.W3CHttpResponseCodec.createException(W3CHttpResponseCodec.java:187)
at org.openqa.selenium.remote.http.W3CHttpResponseCodec.decode(W3CHttpResponseCodec.java:122)
at org.openqa.selenium.remote.http.W3CHttpResponseCodec.decode(W3CHttpResponseCodec.java:49)
at org.openqa.selenium.remote.HttpCommandExecutor.execute(HttpCommandExecutor.java:158)
at org.openqa.selenium.remote.service.DriverCommandExecutor.execute(DriverCommandExecutor.java:83)
at org.openqa.selenium.remote.RemoteWebDriver.execute(RemoteWebDriver.java:552)
at org.openqa.selenium.remote.RemoteWebDriver.get(RemoteWebDriver.java:277)
at testng.Media.twitter(Media.java:30)
at sun.reflect.NativeMethodAccessorImpl.invoke0(Native Method)
at sun.reflect.NativeMethodAccessorImpl.invoke(NativeMethodAccessorImpl.java:62)
at sun.reflect.DelegatingMethodAccessorImpl.invoke(DelegatingMethodAccessorImpl.java:43)
at java.lang.reflect.Method.invoke(Method.java:498)
at org.testng.internal.MethodInvocationHelper.invokeMethod(MethodInvocationHelper.java:132)
at org.testng.internal.TestInvoker.invokeMethod(TestInvoker.java:599)
at org.testng.internal.TestInvoker.invokeTestMethod(TestInvoker.java:174)
at org.testng.internal.MethodRunner.runInSequence(MethodRunner.java:46)
at org.testng.internal.TestInvoker$MethodInvocationAgent.invoke(TestInvoker.java:822)
at org.testng.internal.TestInvoker.invokeTestMethods(TestInvoker.java:147)
at org.testng.internal.TestMethodWorker.invokeTestMethods(TestMethodWorker.java:146)
at org.testng.internal.TestMethodWorker.run(TestMethodWorker.java:128)
at java.util.concurrent.ThreadPoolExecutor.runWorker(ThreadPoolExecutor.java:1149)
at java.util.concurrent.ThreadPoolExecutor$Worker.run(ThreadPoolExecutor.java:624)
at java.lang.Thread.run(Thread.java:748)
]]>
    </error>
  </testcase> <!-- twitter -->
  <system-out/>
  <testcase name="facebook" time="0.000" classname="testng.Media">
    <skipped/>
  </testcase> <!-- facebook -->
  <system-out/>
</testsuite> <!-- testng.Media -->
